2025-10-16 10:21:22 INFO  CustomListener - onExecutionStart(): Test execution started.
2025-10-16 10:21:22 INFO  CustomListener - onStart(ISuite): Starting suite 'Default Suite'
2025-10-16 10:21:27 INFO  CustomListener - onTestSuccess(): Test PASSED -> testLoginPage
2025-10-16 10:21:29 INFO  CustomListener - onTestSuccess(): Test PASSED -> testMonitorsPage
2025-10-16 10:21:29 INFO  CustomListener - onFinish(ISuite): Finished suite 'Default Suite'
2025-10-16 10:21:29 INFO  CustomListener - onExecutionFinish(): Test execution finished.
2025-10-16 10:29:17 INFO  CustomListener - onExecutionStart(): Test execution started.
2025-10-16 10:29:17 INFO  CustomListener - onStart(ISuite): Starting suite 'Default Suite'
2025-10-16 10:29:22 INFO  CustomListener - onTestSuccess(): Test PASSED -> testLoginPage
2025-10-16 10:29:23 INFO  CustomListener - onTestSuccess(): Test PASSED -> testMonitorsPage
2025-10-16 10:29:23 INFO  CustomListener - onFinish(ISuite): Finished suite 'Default Suite'
2025-10-16 10:29:23 INFO  CustomListener - onExecutionFinish(): Test execution finished.
2025-10-16 10:30:06 INFO  CustomListener - onExecutionStart(): Test execution started.
2025-10-16 10:30:06 INFO  CustomListener - onStart(ISuite): Starting suite 'Default Suite'
2025-10-16 10:30:11 ERROR CustomListener - onTestFailure(): Test FAILED -> testLoginPage
2025-10-16 10:30:11 ERROR CustomListener - Cause: 
org.openqa.selenium.NoSuchElementException: no such element: Unable to locate element: {"method":"css selector","selector":"#loginusername\!"}
  (Session info: chrome=141.0.7390.107)
For documentation on this error, please visit: https://www.selenium.dev/documentation/webdriver/troubleshooting/errors#no-such-element-exception
Build info: version: '4.25.0', revision: '8a8aea2337'
System info: os.name: 'Mac OS X', os.arch: 'aarch64', os.version: '26.0.1', java.version: '21.0.5'
Driver info: org.openqa.selenium.chrome.ChromeDriver
Command: [759a4e182809541222c3128fed623102, findElement {using=id, value=loginusername!}]
Capabilities {acceptInsecureCerts: false, browserName: chrome, browserVersion: 141.0.7390.107, chrome: {chromedriverVersion: 141.0.7390.78 (2b53b0e231fc..., userDataDir: /var/folders/79/1x8kzgkn6tl...}, fedcm:accounts: true, goog:chromeOptions: {debuggerAddress: localhost:50668}, networkConnectionEnabled: false, pageLoadStrategy: normal, platformName: mac, proxy: Proxy(), se:cdp: ws://localhost:50668/devtoo..., se:cdpVersion: 141.0.7390.107, setWindowRect: true, strictFileInteractability: false, timeouts: {implicit: 0, pageLoad: 300000, script: 30000}, unhandledPromptBehavior: dismiss and notify, webauthn:extension:credBlob: true, webauthn:extension:largeBlob: true, webauthn:extension:minPinLength: true, webauthn:extension:prf: true, webauthn:virtualAuthenticators: true}
Session ID: 759a4e182809541222c3128fed623102
	at java.base/jdk.internal.reflect.DirectConstructorHandleAccessor.newInstance(DirectConstructorHandleAccessor.java:62)
	at java.base/java.lang.reflect.Constructor.newInstanceWithCaller(Constructor.java:502)
	at java.base/java.lang.reflect.Constructor.newInstance(Constructor.java:486)
	at org.openqa.selenium.remote.ErrorCodec.decode(ErrorCodec.java:167)
	at org.openqa.selenium.remote.codec.w3c.W3CHttpResponseCodec.decode(W3CHttpResponseCodec.java:138)
	at org.openqa.selenium.remote.codec.w3c.W3CHttpResponseCodec.decode(W3CHttpResponseCodec.java:50)
	at org.openqa.selenium.remote.HttpCommandExecutor.execute(HttpCommandExecutor.java:190)
	at org.openqa.selenium.remote.service.DriverCommandExecutor.invokeExecute(DriverCommandExecutor.java:216)
	at org.openqa.selenium.remote.service.DriverCommandExecutor.execute(DriverCommandExecutor.java:174)
	at org.openqa.selenium.remote.RemoteWebDriver.execute(RemoteWebDriver.java:545)
	at org.openqa.selenium.remote.ElementLocation$ElementFinder$2.findElement(ElementLocation.java:165)
	at org.openqa.selenium.remote.ElementLocation.findElement(ElementLocation.java:66)
	at org.openqa.selenium.remote.RemoteWebDriver.findElement(RemoteWebDriver.java:368)
	at org.openqa.selenium.remote.RemoteWebDriver.findElement(RemoteWebDriver.java:362)
	at org.openqa.selenium.support.pagefactory.DefaultElementLocator.findElement(DefaultElementLocator.java:68)
	at org.openqa.selenium.support.pagefactory.internal.LocatingElementHandler.invoke(LocatingElementHandler.java:38)
	at jdk.proxy2/jdk.proxy2.$Proxy46.clear(Unknown Source)
	at org.example.task12.TextAreasWrapper.setText(TextAreasWrapper.java:56)
	at org.example.task12.PageFactoryLogIn.logIn(PageFactoryLogIn.java:37)
	at task13.MainTest.testLoginPage(MainTest.java:35)
	at java.base/jdk.internal.reflect.DirectMethodHandleAccessor.invoke(DirectMethodHandleAccessor.java:103)
	at java.base/java.lang.reflect.Method.invoke(Method.java:580)
	at org.testng.internal.invokers.MethodInvocationHelper.invokeMethod(MethodInvocationHelper.java:139)
	at org.testng.internal.invokers.TestInvoker.invokeMethod(TestInvoker.java:677)
	at org.testng.internal.invokers.TestInvoker.invokeTestMethod(TestInvoker.java:221)
	at org.testng.internal.invokers.MethodRunner.runInSequence(MethodRunner.java:50)
	at org.testng.internal.invokers.TestInvoker$MethodInvocationAgent.invoke(TestInvoker.java:969)
	at org.testng.internal.invokers.TestInvoker.invokeTestMethods(TestInvoker.java:194)
	at org.testng.internal.invokers.TestMethodWorker.invokeTestMethods(TestMethodWorker.java:148)
	at org.testng.internal.invokers.TestMethodWorker.run(TestMethodWorker.java:128)
	at java.base/java.util.ArrayList.forEach(ArrayList.java:1596)
	at org.testng.TestRunner.privateRun(TestRunner.java:829)
	at org.testng.TestRunner.run(TestRunner.java:602)
	at org.testng.SuiteRunner.runTest(SuiteRunner.java:437)
	at org.testng.SuiteRunner.runSequentially(SuiteRunner.java:431)
	at org.testng.SuiteRunner.privateRun(SuiteRunner.java:391)
	at org.testng.SuiteRunner.run(SuiteRunner.java:330)
	at org.testng.SuiteRunnerWorker.runSuite(SuiteRunnerWorker.java:52)
	at org.testng.SuiteRunnerWorker.run(SuiteRunnerWorker.java:95)
	at org.testng.TestNG.runSuitesSequentially(TestNG.java:1256)
	at org.testng.TestNG.runSuitesLocally(TestNG.java:1176)
	at org.testng.TestNG.runSuites(TestNG.java:1099)
	at org.testng.TestNG.run(TestNG.java:1067)
	at com.intellij.rt.testng.IDEARemoteTestNG.run(IDEARemoteTestNG.java:65)
	at com.intellij.rt.testng.RemoteTestNGStarter.main(RemoteTestNGStarter.java:105)
2025-10-16 10:30:11 INFO  CustomListener - Video will be saved automatically by video-recorder-testng (mode=FAILED_ONLY).
2025-10-16 10:30:12 INFO  CustomListener - onTestSuccess(): Test PASSED -> testMonitorsPage
2025-10-16 10:30:12 INFO  CustomListener - onFinish(ISuite): Finished suite 'Default Suite'
2025-10-16 10:30:12 INFO  CustomListener - onExecutionFinish(): Test execution finished.
2025-10-16 10:32:14 INFO  CustomListener - onExecutionStart(): Test execution started.
2025-10-16 10:32:14 INFO  CustomListener - onStart(ISuite): Starting suite 'Default Suite'
2025-10-16 10:32:19 ERROR CustomListener - onTestFailure(): Test FAILED -> testLoginPage
2025-10-16 10:32:19 ERROR CustomListener - Cause: 
org.openqa.selenium.NoSuchElementException: no such element: Unable to locate element: {"method":"css selector","selector":"#loginusername\!"}
  (Session info: chrome=141.0.7390.107)
For documentation on this error, please visit: https://www.selenium.dev/documentation/webdriver/troubleshooting/errors#no-such-element-exception
Build info: version: '4.25.0', revision: '8a8aea2337'
System info: os.name: 'Mac OS X', os.arch: 'aarch64', os.version: '26.0.1', java.version: '21.0.5'
Driver info: org.openqa.selenium.chrome.ChromeDriver
Command: [593734519f31afc5cea4b60d28dfa824, findElement {using=id, value=loginusername!}]
Capabilities {acceptInsecureCerts: false, browserName: chrome, browserVersion: 141.0.7390.107, chrome: {chromedriverVersion: 141.0.7390.78 (2b53b0e231fc..., userDataDir: /var/folders/79/1x8kzgkn6tl...}, fedcm:accounts: true, goog:chromeOptions: {debuggerAddress: localhost:50708}, networkConnectionEnabled: false, pageLoadStrategy: normal, platformName: mac, proxy: Proxy(), se:cdp: ws://localhost:50708/devtoo..., se:cdpVersion: 141.0.7390.107, setWindowRect: true, strictFileInteractability: false, timeouts: {implicit: 0, pageLoad: 300000, script: 30000}, unhandledPromptBehavior: dismiss and notify, webauthn:extension:credBlob: true, webauthn:extension:largeBlob: true, webauthn:extension:minPinLength: true, webauthn:extension:prf: true, webauthn:virtualAuthenticators: true}
Session ID: 593734519f31afc5cea4b60d28dfa824
	at java.base/jdk.internal.reflect.DirectConstructorHandleAccessor.newInstance(DirectConstructorHandleAccessor.java:62)
	at java.base/java.lang.reflect.Constructor.newInstanceWithCaller(Constructor.java:502)
	at java.base/java.lang.reflect.Constructor.newInstance(Constructor.java:486)
	at org.openqa.selenium.remote.ErrorCodec.decode(ErrorCodec.java:167)
	at org.openqa.selenium.remote.codec.w3c.W3CHttpResponseCodec.decode(W3CHttpResponseCodec.java:138)
	at org.openqa.selenium.remote.codec.w3c.W3CHttpResponseCodec.decode(W3CHttpResponseCodec.java:50)
	at org.openqa.selenium.remote.HttpCommandExecutor.execute(HttpCommandExecutor.java:190)
	at org.openqa.selenium.remote.service.DriverCommandExecutor.invokeExecute(DriverCommandExecutor.java:216)
	at org.openqa.selenium.remote.service.DriverCommandExecutor.execute(DriverCommandExecutor.java:174)
	at org.openqa.selenium.remote.RemoteWebDriver.execute(RemoteWebDriver.java:545)
	at org.openqa.selenium.remote.ElementLocation$ElementFinder$2.findElement(ElementLocation.java:165)
	at org.openqa.selenium.remote.ElementLocation.findElement(ElementLocation.java:66)
	at org.openqa.selenium.remote.RemoteWebDriver.findElement(RemoteWebDriver.java:368)
	at org.openqa.selenium.remote.RemoteWebDriver.findElement(RemoteWebDriver.java:362)
	at org.openqa.selenium.support.pagefactory.DefaultElementLocator.findElement(DefaultElementLocator.java:68)
	at org.openqa.selenium.support.pagefactory.internal.LocatingElementHandler.invoke(LocatingElementHandler.java:38)
	at jdk.proxy2/jdk.proxy2.$Proxy46.clear(Unknown Source)
	at org.example.task12.TextAreasWrapper.setText(TextAreasWrapper.java:56)
	at org.example.task12.PageFactoryLogIn.logIn(PageFactoryLogIn.java:37)
	at task13.MainTest.testLoginPage(MainTest.java:35)
	at java.base/jdk.internal.reflect.DirectMethodHandleAccessor.invoke(DirectMethodHandleAccessor.java:103)
	at java.base/java.lang.reflect.Method.invoke(Method.java:580)
	at org.testng.internal.invokers.MethodInvocationHelper.invokeMethod(MethodInvocationHelper.java:139)
	at org.testng.internal.invokers.TestInvoker.invokeMethod(TestInvoker.java:677)
	at org.testng.internal.invokers.TestInvoker.invokeTestMethod(TestInvoker.java:221)
	at org.testng.internal.invokers.MethodRunner.runInSequence(MethodRunner.java:50)
	at org.testng.internal.invokers.TestInvoker$MethodInvocationAgent.invoke(TestInvoker.java:969)
	at org.testng.internal.invokers.TestInvoker.invokeTestMethods(TestInvoker.java:194)
	at org.testng.internal.invokers.TestMethodWorker.invokeTestMethods(TestMethodWorker.java:148)
	at org.testng.internal.invokers.TestMethodWorker.run(TestMethodWorker.java:128)
	at java.base/java.util.ArrayList.forEach(ArrayList.java:1596)
	at org.testng.TestRunner.privateRun(TestRunner.java:829)
	at org.testng.TestRunner.run(TestRunner.java:602)
	at org.testng.SuiteRunner.runTest(SuiteRunner.java:437)
	at org.testng.SuiteRunner.runSequentially(SuiteRunner.java:431)
	at org.testng.SuiteRunner.privateRun(SuiteRunner.java:391)
	at org.testng.SuiteRunner.run(SuiteRunner.java:330)
	at org.testng.SuiteRunnerWorker.runSuite(SuiteRunnerWorker.java:52)
	at org.testng.SuiteRunnerWorker.run(SuiteRunnerWorker.java:95)
	at org.testng.TestNG.runSuitesSequentially(TestNG.java:1256)
	at org.testng.TestNG.runSuitesLocally(TestNG.java:1176)
	at org.testng.TestNG.runSuites(TestNG.java:1099)
	at org.testng.TestNG.run(TestNG.java:1067)
	at com.intellij.rt.testng.IDEARemoteTestNG.run(IDEARemoteTestNG.java:65)
	at com.intellij.rt.testng.RemoteTestNGStarter.main(RemoteTestNGStarter.java:105)
2025-10-16 10:32:19 INFO  CustomListener - Video will be saved automatically by video-recorder-testng (mode=FAILED_ONLY).
2025-10-16 10:32:21 INFO  CustomListener - onTestSuccess(): Test PASSED -> testMonitorsPage
2025-10-16 10:32:21 INFO  CustomListener - onFinish(ISuite): Finished suite 'Default Suite'
2025-10-16 10:32:21 INFO  CustomListener - onExecutionFinish(): Test execution finished.
2025-10-16 11:54:11 INFO  CustomListener - onExecutionStart(): Test execution started.
2025-10-16 11:54:11 INFO  CustomListener - onStart(ISuite): Starting suite 'Default Suite'
2025-10-16 11:54:19 INFO  CustomListener - onTestSuccess(): Test PASSED -> testLoginPage
2025-10-16 11:54:21 INFO  CustomListener - onTestSuccess(): Test PASSED -> testMonitorsPage
2025-10-16 11:54:22 INFO  CustomListener - onFinish(ISuite): Finished suite 'Default Suite'
2025-10-16 11:57:55 INFO  CustomListener - onExecutionStart(): Test execution started.
2025-10-16 11:57:55 INFO  CustomListener - onStart(ISuite): Starting suite 'Default Suite'
2025-10-16 11:58:00 INFO  CustomListener - onTestSuccess(): Test PASSED -> testLoginPage
2025-10-16 11:58:01 INFO  CustomListener - onTestSuccess(): Test PASSED -> testMonitorsPage
2025-10-16 11:58:02 INFO  CustomListener - onFinish(ISuite): Finished suite 'Default Suite'
2025-10-16 12:06:37 INFO  CustomListener - onExecutionStart(): Test execution started.
2025-10-16 12:06:37 INFO  CustomListener - onStart(ISuite): Starting suite 'Default Suite'
2025-10-16 12:06:42 INFO  CustomListener - onTestSuccess(): Test PASSED -> testLoginPage
2025-10-16 12:06:44 INFO  CustomListener - onTestSuccess(): Test PASSED -> testMonitorsPage
2025-10-16 12:06:46 ERROR CustomListener - onTestFailure(): Test FAILED -> testMonitorsPageFAIL
2025-10-16 12:06:46 ERROR CustomListener - Cause: 
java.lang.AssertionError: Перевірка Allure
	at org.testng.Assert.fail(Assert.java:110)
	at task14.MainTest.testMonitorsPageFAIL(MainTest.java:50)
	at java.base/jdk.internal.reflect.DirectMethodHandleAccessor.invoke(DirectMethodHandleAccessor.java:103)
	at java.base/java.lang.reflect.Method.invoke(Method.java:580)
	at org.testng.internal.invokers.MethodInvocationHelper.invokeMethod(MethodInvocationHelper.java:139)
	at org.testng.internal.invokers.TestInvoker.invokeMethod(TestInvoker.java:677)
	at org.testng.internal.invokers.TestInvoker.invokeTestMethod(TestInvoker.java:221)
	at org.testng.internal.invokers.MethodRunner.runInSequence(MethodRunner.java:50)
	at org.testng.internal.invokers.TestInvoker$MethodInvocationAgent.invoke(TestInvoker.java:969)
	at org.testng.internal.invokers.TestInvoker.invokeTestMethods(TestInvoker.java:194)
	at org.testng.internal.invokers.TestMethodWorker.invokeTestMethods(TestMethodWorker.java:148)
	at org.testng.internal.invokers.TestMethodWorker.run(TestMethodWorker.java:128)
	at java.base/java.util.ArrayList.forEach(ArrayList.java:1596)
	at org.testng.TestRunner.privateRun(TestRunner.java:829)
	at org.testng.TestRunner.run(TestRunner.java:602)
	at org.testng.SuiteRunner.runTest(SuiteRunner.java:437)
	at org.testng.SuiteRunner.runSequentially(SuiteRunner.java:431)
	at org.testng.SuiteRunner.privateRun(SuiteRunner.java:391)
	at org.testng.SuiteRunner.run(SuiteRunner.java:330)
	at org.testng.SuiteRunnerWorker.runSuite(SuiteRunnerWorker.java:52)
	at org.testng.SuiteRunnerWorker.run(SuiteRunnerWorker.java:95)
	at org.testng.TestNG.runSuitesSequentially(TestNG.java:1256)
	at org.testng.TestNG.runSuitesLocally(TestNG.java:1176)
	at org.testng.TestNG.runSuites(TestNG.java:1099)
	at org.testng.TestNG.run(TestNG.java:1067)
	at com.intellij.rt.testng.IDEARemoteTestNG.run(IDEARemoteTestNG.java:65)
	at com.intellij.rt.testng.RemoteTestNGStarter.main(RemoteTestNGStarter.java:105)
2025-10-16 12:06:46 INFO  CustomListener - Video will be saved automatically by video-recorder-testng (mode=FAILED_ONLY).
2025-10-16 12:06:46 INFO  CustomListener - onFinish(ISuite): Finished suite 'Default Suite'
2025-10-16 12:06:46 INFO  CustomListener - onExecutionFinish(): Test execution finished.
2025-10-16 12:08:59 INFO  CustomListener - onExecutionStart(): Test execution started.
2025-10-16 12:08:59 INFO  CustomListener - onStart(ISuite): Starting suite 'Default Suite'
2025-10-16 12:09:04 INFO  CustomListener - onTestSuccess(): Test PASSED -> testLoginPage
2025-10-16 12:09:05 INFO  CustomListener - onTestSuccess(): Test PASSED -> testMonitorsPage
2025-10-16 12:09:07 ERROR CustomListener - onTestFailure(): Test FAILED -> testMonitorsPageFAIL
2025-10-16 12:09:07 ERROR CustomListener - Cause: 
java.lang.AssertionError: Перевірка Allure
	at org.testng.Assert.fail(Assert.java:110)
	at task14.MainTest.testMonitorsPageFAIL(MainTest.java:50)
	at java.base/jdk.internal.reflect.DirectMethodHandleAccessor.invoke(DirectMethodHandleAccessor.java:103)
	at java.base/java.lang.reflect.Method.invoke(Method.java:580)
	at org.testng.internal.invokers.MethodInvocationHelper.invokeMethod(MethodInvocationHelper.java:139)
	at org.testng.internal.invokers.TestInvoker.invokeMethod(TestInvoker.java:677)
	at org.testng.internal.invokers.TestInvoker.invokeTestMethod(TestInvoker.java:221)
	at org.testng.internal.invokers.MethodRunner.runInSequence(MethodRunner.java:50)
	at org.testng.internal.invokers.TestInvoker$MethodInvocationAgent.invoke(TestInvoker.java:969)
	at org.testng.internal.invokers.TestInvoker.invokeTestMethods(TestInvoker.java:194)
	at org.testng.internal.invokers.TestMethodWorker.invokeTestMethods(TestMethodWorker.java:148)
	at org.testng.internal.invokers.TestMethodWorker.run(TestMethodWorker.java:128)
	at java.base/java.util.ArrayList.forEach(ArrayList.java:1596)
	at org.testng.TestRunner.privateRun(TestRunner.java:829)
	at org.testng.TestRunner.run(TestRunner.java:602)
	at org.testng.SuiteRunner.runTest(SuiteRunner.java:437)
	at org.testng.SuiteRunner.runSequentially(SuiteRunner.java:431)
	at org.testng.SuiteRunner.privateRun(SuiteRunner.java:391)
	at org.testng.SuiteRunner.run(SuiteRunner.java:330)
	at org.testng.SuiteRunnerWorker.runSuite(SuiteRunnerWorker.java:52)
	at org.testng.SuiteRunnerWorker.run(SuiteRunnerWorker.java:95)
	at org.testng.TestNG.runSuitesSequentially(TestNG.java:1256)
	at org.testng.TestNG.runSuitesLocally(TestNG.java:1176)
	at org.testng.TestNG.runSuites(TestNG.java:1099)
	at org.testng.TestNG.run(TestNG.java:1067)
	at com.intellij.rt.testng.IDEARemoteTestNG.run(IDEARemoteTestNG.java:65)
	at com.intellij.rt.testng.RemoteTestNGStarter.main(RemoteTestNGStarter.java:105)
2025-10-16 12:09:07 INFO  CustomListener - Video will be saved automatically by video-recorder-testng (mode=FAILED_ONLY).
2025-10-16 12:09:07 INFO  CustomListener - onFinish(ISuite): Finished suite 'Default Suite'
2025-10-16 12:09:07 INFO  CustomListener - onExecutionFinish(): Test execution finished.
2025-10-16 12:12:54 INFO  CustomListener - onExecutionStart(): Test execution started.
2025-10-16 12:12:54 INFO  CustomListener - onStart(ISuite): Starting suite 'Default Suite'
2025-10-16 12:12:59 INFO  CustomListener - onTestSuccess(): Test PASSED -> testLoginPage
2025-10-16 12:13:01 INFO  CustomListener - onTestSuccess(): Test PASSED -> testMonitorsPage
2025-10-16 12:13:03 ERROR CustomListener - onTestFailure(): Test FAILED -> testMonitorsPageFAIL
2025-10-16 12:13:03 ERROR CustomListener - Cause: 
java.lang.AssertionError: Перевірка Allure
	at org.testng.Assert.fail(Assert.java:110)
	at task14.MainTest.testMonitorsPageFAIL(MainTest.java:50)
	at java.base/jdk.internal.reflect.DirectMethodHandleAccessor.invoke(DirectMethodHandleAccessor.java:103)
	at java.base/java.lang.reflect.Method.invoke(Method.java:580)
	at org.testng.internal.invokers.MethodInvocationHelper.invokeMethod(MethodInvocationHelper.java:139)
	at org.testng.internal.invokers.TestInvoker.invokeMethod(TestInvoker.java:677)
	at org.testng.internal.invokers.TestInvoker.invokeTestMethod(TestInvoker.java:221)
	at org.testng.internal.invokers.MethodRunner.runInSequence(MethodRunner.java:50)
	at org.testng.internal.invokers.TestInvoker$MethodInvocationAgent.invoke(TestInvoker.java:969)
	at org.testng.internal.invokers.TestInvoker.invokeTestMethods(TestInvoker.java:194)
	at org.testng.internal.invokers.TestMethodWorker.invokeTestMethods(TestMethodWorker.java:148)
	at org.testng.internal.invokers.TestMethodWorker.run(TestMethodWorker.java:128)
	at java.base/java.util.ArrayList.forEach(ArrayList.java:1596)
	at org.testng.TestRunner.privateRun(TestRunner.java:829)
	at org.testng.TestRunner.run(TestRunner.java:602)
	at org.testng.SuiteRunner.runTest(SuiteRunner.java:437)
	at org.testng.SuiteRunner.runSequentially(SuiteRunner.java:431)
	at org.testng.SuiteRunner.privateRun(SuiteRunner.java:391)
	at org.testng.SuiteRunner.run(SuiteRunner.java:330)
	at org.testng.SuiteRunnerWorker.runSuite(SuiteRunnerWorker.java:52)
	at org.testng.SuiteRunnerWorker.run(SuiteRunnerWorker.java:95)
	at org.testng.TestNG.runSuitesSequentially(TestNG.java:1256)
	at org.testng.TestNG.runSuitesLocally(TestNG.java:1176)
	at org.testng.TestNG.runSuites(TestNG.java:1099)
	at org.testng.TestNG.run(TestNG.java:1067)
	at com.intellij.rt.testng.IDEARemoteTestNG.run(IDEARemoteTestNG.java:65)
	at com.intellij.rt.testng.RemoteTestNGStarter.main(RemoteTestNGStarter.java:105)
2025-10-16 12:13:03 INFO  CustomListener - Video will be saved automatically by video-recorder-testng (mode=FAILED_ONLY).
2025-10-16 12:13:04 INFO  CustomListener - onFinish(ISuite): Finished suite 'Default Suite'
2025-10-16 12:13:04 INFO  CustomListener - onExecutionFinish(): Test execution finished.
2025-10-16 12:13:35 INFO  CustomListener - onExecutionStart(): Test execution started.
2025-10-16 12:13:35 INFO  CustomListener - onStart(ISuite): Starting suite 'Default Suite'
2025-10-16 12:13:39 INFO  CustomListener - onTestSuccess(): Test PASSED -> testLoginPage
2025-10-16 12:13:40 INFO  CustomListener - onTestSuccess(): Test PASSED -> testMonitorsPage
2025-10-16 12:13:42 ERROR CustomListener - onTestFailure(): Test FAILED -> testMonitorsPageFAIL
2025-10-16 12:13:42 ERROR CustomListener - Cause: 
java.lang.AssertionError: Перевірка Allure
	at org.testng.Assert.fail(Assert.java:110)
	at task14.MainTest.testMonitorsPageFAIL(MainTest.java:51)
	at java.base/jdk.internal.reflect.DirectMethodHandleAccessor.invoke(DirectMethodHandleAccessor.java:103)
	at java.base/java.lang.reflect.Method.invoke(Method.java:580)
	at org.testng.internal.invokers.MethodInvocationHelper.invokeMethod(MethodInvocationHelper.java:139)
	at org.testng.internal.invokers.TestInvoker.invokeMethod(TestInvoker.java:677)
	at org.testng.internal.invokers.TestInvoker.invokeTestMethod(TestInvoker.java:221)
	at org.testng.internal.invokers.MethodRunner.runInSequence(MethodRunner.java:50)
	at org.testng.internal.invokers.TestInvoker$MethodInvocationAgent.invoke(TestInvoker.java:969)
	at org.testng.internal.invokers.TestInvoker.invokeTestMethods(TestInvoker.java:194)
	at org.testng.internal.invokers.TestMethodWorker.invokeTestMethods(TestMethodWorker.java:148)
	at org.testng.internal.invokers.TestMethodWorker.run(TestMethodWorker.java:128)
	at java.base/java.util.ArrayList.forEach(ArrayList.java:1596)
	at org.testng.TestRunner.privateRun(TestRunner.java:829)
	at org.testng.TestRunner.run(TestRunner.java:602)
	at org.testng.SuiteRunner.runTest(SuiteRunner.java:437)
	at org.testng.SuiteRunner.runSequentially(SuiteRunner.java:431)
	at org.testng.SuiteRunner.privateRun(SuiteRunner.java:391)
	at org.testng.SuiteRunner.run(SuiteRunner.java:330)
	at org.testng.SuiteRunnerWorker.runSuite(SuiteRunnerWorker.java:52)
	at org.testng.SuiteRunnerWorker.run(SuiteRunnerWorker.java:95)
	at org.testng.TestNG.runSuitesSequentially(TestNG.java:1256)
	at org.testng.TestNG.runSuitesLocally(TestNG.java:1176)
	at org.testng.TestNG.runSuites(TestNG.java:1099)
	at org.testng.TestNG.run(TestNG.java:1067)
	at com.intellij.rt.testng.IDEARemoteTestNG.run(IDEARemoteTestNG.java:65)
	at com.intellij.rt.testng.RemoteTestNGStarter.main(RemoteTestNGStarter.java:105)
2025-10-16 12:13:42 INFO  CustomListener - Video will be saved automatically by video-recorder-testng (mode=FAILED_ONLY).
2025-10-16 12:13:42 INFO  CustomListener - onFinish(ISuite): Finished suite 'Default Suite'
2025-10-16 12:13:42 INFO  CustomListener - onExecutionFinish(): Test execution finished.
2025-10-16 12:17:21 INFO  CustomListener - onExecutionStart(): Test execution started.
2025-10-16 12:17:21 INFO  CustomListener - onStart(ISuite): Starting suite 'Default Suite'
2025-10-16 12:17:26 INFO  CustomListener - onTestSuccess(): Test PASSED -> testLoginPage
2025-10-16 12:17:27 INFO  CustomListener - onTestSuccess(): Test PASSED -> testMonitorsPage
2025-10-16 12:17:29 ERROR CustomListener - onTestFailure(): Test FAILED -> testMonitorsPageFAIL
2025-10-16 12:17:29 ERROR CustomListener - Cause: 
java.lang.AssertionError: Перевірка Allure
	at org.testng.Assert.fail(Assert.java:110)
	at task14.MainTest.testMonitorsPageFAIL(MainTest.java:50)
	at java.base/jdk.internal.reflect.DirectMethodHandleAccessor.invoke(DirectMethodHandleAccessor.java:103)
	at java.base/java.lang.reflect.Method.invoke(Method.java:580)
	at org.testng.internal.invokers.MethodInvocationHelper.invokeMethod(MethodInvocationHelper.java:139)
	at org.testng.internal.invokers.TestInvoker.invokeMethod(TestInvoker.java:677)
	at org.testng.internal.invokers.TestInvoker.invokeTestMethod(TestInvoker.java:221)
	at org.testng.internal.invokers.MethodRunner.runInSequence(MethodRunner.java:50)
	at org.testng.internal.invokers.TestInvoker$MethodInvocationAgent.invoke(TestInvoker.java:969)
	at org.testng.internal.invokers.TestInvoker.invokeTestMethods(TestInvoker.java:194)
	at org.testng.internal.invokers.TestMethodWorker.invokeTestMethods(TestMethodWorker.java:148)
	at org.testng.internal.invokers.TestMethodWorker.run(TestMethodWorker.java:128)
	at java.base/java.util.ArrayList.forEach(ArrayList.java:1596)
	at org.testng.TestRunner.privateRun(TestRunner.java:829)
	at org.testng.TestRunner.run(TestRunner.java:602)
	at org.testng.SuiteRunner.runTest(SuiteRunner.java:437)
	at org.testng.SuiteRunner.runSequentially(SuiteRunner.java:431)
	at org.testng.SuiteRunner.privateRun(SuiteRunner.java:391)
	at org.testng.SuiteRunner.run(SuiteRunner.java:330)
	at org.testng.SuiteRunnerWorker.runSuite(SuiteRunnerWorker.java:52)
	at org.testng.SuiteRunnerWorker.run(SuiteRunnerWorker.java:95)
	at org.testng.TestNG.runSuitesSequentially(TestNG.java:1256)
	at org.testng.TestNG.runSuitesLocally(TestNG.java:1176)
	at org.testng.TestNG.runSuites(TestNG.java:1099)
	at org.testng.TestNG.run(TestNG.java:1067)
	at com.intellij.rt.testng.IDEARemoteTestNG.run(IDEARemoteTestNG.java:65)
	at com.intellij.rt.testng.RemoteTestNGStarter.main(RemoteTestNGStarter.java:105)
2025-10-16 12:17:29 INFO  CustomListener - Video will be saved automatically by video-recorder-testng (mode=FAILED_ONLY).
2025-10-16 12:17:30 INFO  CustomListener - onFinish(ISuite): Finished suite 'Default Suite'
2025-10-16 12:17:30 INFO  CustomListener - onExecutionFinish(): Test execution finished.
2025-10-16 12:18:32 INFO  CustomListener - onExecutionStart(): Test execution started.
2025-10-16 12:18:32 INFO  CustomListener - onStart(ISuite): Starting suite 'Default Suite'
2025-10-16 12:18:36 INFO  CustomListener - onTestSuccess(): Test PASSED -> testLoginPage
2025-10-16 12:18:38 INFO  CustomListener - onTestSuccess(): Test PASSED -> testMonitorsPage
2025-10-16 12:18:40 ERROR CustomListener - onTestFailure(): Test FAILED -> testMonitorsPageFAIL
2025-10-16 12:18:40 ERROR CustomListener - Cause: 
java.lang.AssertionError: Перевірка Allure
	at org.testng.Assert.fail(Assert.java:110)
	at task14.MainTest.testMonitorsPageFAIL(MainTest.java:50)
	at java.base/jdk.internal.reflect.DirectMethodHandleAccessor.invoke(DirectMethodHandleAccessor.java:103)
	at java.base/java.lang.reflect.Method.invoke(Method.java:580)
	at org.testng.internal.invokers.MethodInvocationHelper.invokeMethod(MethodInvocationHelper.java:139)
	at org.testng.internal.invokers.TestInvoker.invokeMethod(TestInvoker.java:677)
	at org.testng.internal.invokers.TestInvoker.invokeTestMethod(TestInvoker.java:221)
	at org.testng.internal.invokers.MethodRunner.runInSequence(MethodRunner.java:50)
	at org.testng.internal.invokers.TestInvoker$MethodInvocationAgent.invoke(TestInvoker.java:969)
	at org.testng.internal.invokers.TestInvoker.invokeTestMethods(TestInvoker.java:194)
	at org.testng.internal.invokers.TestMethodWorker.invokeTestMethods(TestMethodWorker.java:148)
	at org.testng.internal.invokers.TestMethodWorker.run(TestMethodWorker.java:128)
	at java.base/java.util.ArrayList.forEach(ArrayList.java:1596)
	at org.testng.TestRunner.privateRun(TestRunner.java:829)
	at org.testng.TestRunner.run(TestRunner.java:602)
	at org.testng.SuiteRunner.runTest(SuiteRunner.java:437)
	at org.testng.SuiteRunner.runSequentially(SuiteRunner.java:431)
	at org.testng.SuiteRunner.privateRun(SuiteRunner.java:391)
	at org.testng.SuiteRunner.run(SuiteRunner.java:330)
	at org.testng.SuiteRunnerWorker.runSuite(SuiteRunnerWorker.java:52)
	at org.testng.SuiteRunnerWorker.run(SuiteRunnerWorker.java:95)
	at org.testng.TestNG.runSuitesSequentially(TestNG.java:1256)
	at org.testng.TestNG.runSuitesLocally(TestNG.java:1176)
	at org.testng.TestNG.runSuites(TestNG.java:1099)
	at org.testng.TestNG.run(TestNG.java:1067)
	at com.intellij.rt.testng.IDEARemoteTestNG.run(IDEARemoteTestNG.java:65)
	at com.intellij.rt.testng.RemoteTestNGStarter.main(RemoteTestNGStarter.java:105)
2025-10-16 12:18:40 INFO  CustomListener - Video will be saved automatically by video-recorder-testng (mode=FAILED_ONLY).
2025-10-16 12:18:40 INFO  CustomListener - onFinish(ISuite): Finished suite 'Default Suite'
2025-10-16 12:18:40 INFO  CustomListener - onExecutionFinish(): Test execution finished.
